# JRE version: OpenJDK Runtime Environment (21.0.5) (build 21.0.5+-13047016-b750.29)
# Java VM: OpenJDK 64-Bit Server VM (21.0.5+-13047016-b750.29, mixed mode, tiered, compressed oops, compressed class ptrs, g1 gc, windows-amd64)
GC Precious Log:
 CardTable entry size: 512
 Card Set container configuration: InlinePtr #cards 5 size 8 Array Of Cards #cards 12 size 40 Howl #buckets 4 coarsen threshold 1843 Howl Bitmap #cards 512 size 80 coarsen threshold 460 Card regions per heap region 1 cards per card region 2048
 CPUs: 12 total, 12 available
 Memory: 16311M
 Large Page Support: Disabled
 NUMA Support: Disabled
 Compressed Oops: Enabled (32-bit)
 Heap Region Size: 1M
 Heap Min Capacity: 8M
 Heap Initial Capacity: 256M
 Heap Max Capacity: 2G
 Pre-touch: Disabled
 Parallel Workers: 10
 Concurrent Workers: 3
 Concurrent Refinement Workers: 10
 Periodic GC: Disabled
Heap:
 garbage-first heap   total 440320K, used 369197K [0x0000000080000000, 0x0000000100000000)
  region size 1024K, 120 young (122880K), 14 survivors (14336K)
 Metaspace       used 185026K, committed 187840K, reserved 1245184K
  class space    used 24623K, committed 26048K, reserved 1048576K
GC Heap History (20 events):
Event: 148.558 GC heap before
{Heap before GC invocations=69 (full 0):
 garbage-first heap   total 411648K, used 261592K [0x0000000080000000, 0x0000000100000000)
  region size 1024K, 40 young (40960K), 4 survivors (4096K)
 Metaspace       used 179667K, committed 182528K, reserved 1245184K
  class space    used 24208K, committed 25664K, reserved 1048576K
}
Event: 148.561 GC heap after
{Heap after GC invocations=70 (full 0):
 garbage-first heap   total 411648K, used 226018K [0x0000000080000000, 0x0000000100000000)
  region size 1024K, 3 young (3072K), 3 survivors (3072K)
 Metaspace       used 179667K, committed 182528K, reserved 1245184K
  class space    used 24208K, committed 25664K, reserved 1048576K
}
Event: 170.235 GC heap before
{Heap before GC invocations=71 (full 0):
 garbage-first heap   total 419840K, used 414434K [0x0000000080000000, 0x0000000100000000)
  region size 1024K, 158 young (161792K), 3 survivors (3072K)
 Metaspace       used 180436K, committed 183232K, reserved 1245184K
  class space    used 24297K, committed 25728K, reserved 1048576K
}
Event: 170.245 GC heap after
{Heap after GC invocations=72 (full 0):
 garbage-first heap   total 431104K, used 238788K [0x0000000080000000, 0x0000000100000000)
  region size 1024K, 15 young (15360K), 15 survivors (15360K)
 Metaspace       used 180436K, committed 183232K, reserved 1245184K
  class space    used 24297K, committed 25728K, reserved 1048576K
}
Event: 350.389 GC heap before
{Heap before GC invocations=72 (full 0):
 garbage-first heap   total 431104K, used 392388K [0x0000000080000000, 0x0000000100000000)
  region size 1024K, 165 young (168960K), 15 survivors (15360K)
 Metaspace       used 180840K, committed 183616K, reserved 1245184K
  class space    used 24310K, committed 25728K, reserved 1048576K
}
Event: 350.402 GC heap after
{Heap after GC invocations=73 (full 0):
 garbage-first heap   total 431104K, used 237939K [0x0000000080000000, 0x0000000100000000)
  region size 1024K, 14 young (14336K), 14 survivors (14336K)
 Metaspace       used 180840K, committed 183616K, reserved 1245184K
  class space    used 24310K, committed 25728K, reserved 1048576K
}
Event: 367.369 GC heap before
{Heap before GC invocations=73 (full 0):
 garbage-first heap   total 431104K, used 392563K [0x0000000080000000, 0x0000000100000000)
  region size 1024K, 166 young (169984K), 14 survivors (14336K)
 Metaspace       used 181347K, committed 184256K, reserved 1245184K
  class space    used 24342K, committed 25792K, reserved 1048576K
}
Event: 367.378 GC heap after
{Heap after GC invocations=74 (full 0):
 garbage-first heap   total 431104K, used 241272K [0x0000000080000000, 0x0000000100000000)
  region size 1024K, 15 young (15360K), 15 survivors (15360K)
 Metaspace       used 181347K, committed 184256K, reserved 1245184K
  class space    used 24342K, committed 25792K, reserved 1048576K
}
Event: 415.840 GC heap before
{Heap before GC invocations=75 (full 0):
 garbage-first heap   total 431104K, used 390776K [0x0000000080000000, 0x0000000100000000)
  region size 1024K, 162 young (165888K), 15 survivors (15360K)
 Metaspace       used 181633K, committed 184448K, reserved 1245184K
  class space    used 24341K, committed 25792K, reserved 1048576K
}
Event: 415.849 GC heap after
{Heap after GC invocations=76 (full 0):
 garbage-first heap   total 431104K, used 242674K [0x0000000080000000, 0x0000000100000000)
  region size 1024K, 14 young (14336K), 14 survivors (14336K)
 Metaspace       used 181633K, committed 184448K, reserved 1245184K
  class space    used 24341K, committed 25792K, reserved 1048576K
}
Event: 428.266 GC heap before
{Heap before GC invocations=76 (full 0):
 garbage-first heap   total 431104K, used 392178K [0x0000000080000000, 0x0000000100000000)
  region size 1024K, 161 young (164864K), 14 survivors (14336K)
 Metaspace       used 183384K, committed 186176K, reserved 1245184K
  class space    used 24579K, committed 25984K, reserved 1048576K
}
Event: 428.279 GC heap after
{Heap after GC invocations=77 (full 0):
 garbage-first heap   total 431104K, used 236749K [0x0000000080000000, 0x0000000100000000)
  region size 1024K, 12 young (12288K), 12 survivors (12288K)
 Metaspace       used 183384K, committed 186176K, reserved 1245184K
  class space    used 24579K, committed 25984K, reserved 1048576K
}
Event: 428.541 GC heap before
{Heap before GC invocations=77 (full 0):
 garbage-first heap   total 431104K, used 392397K [0x0000000080000000, 0x0000000100000000)
  region size 1024K, 165 young (168960K), 12 survivors (12288K)
 Metaspace       used 183660K, committed 186496K, reserved 1245184K
  class space    used 24603K, committed 26048K, reserved 1048576K
}
Event: 428.544 GC heap after
{Heap after GC invocations=78 (full 0):
 garbage-first heap   total 431104K, used 230028K [0x0000000080000000, 0x0000000100000000)
  region size 1024K, 6 young (6144K), 6 survivors (6144K)
 Metaspace       used 183660K, committed 186496K, reserved 1245184K
  class space    used 24603K, committed 26048K, reserved 1048576K
}
Event: 445.351 GC heap before
{Heap before GC invocations=79 (full 0):
 garbage-first heap   total 431104K, used 427660K [0x0000000080000000, 0x0000000100000000)
  region size 1024K, 171 young (175104K), 6 survivors (6144K)
 Metaspace       used 184215K, committed 187072K, reserved 1245184K
  class space    used 24608K, committed 26048K, reserved 1048576K
}
Event: 445.358 GC heap after
{Heap after GC invocations=80 (full 0):
 garbage-first heap   total 440320K, used 234765K [0x0000000080000000, 0x0000000100000000)
  region size 1024K, 10 young (10240K), 10 survivors (10240K)
 Metaspace       used 184215K, committed 187072K, reserved 1245184K
  class space    used 24608K, committed 26048K, reserved 1048576K
}
Event: 472.628 GC heap before
{Heap before GC invocations=80 (full 0):
 garbage-first heap   total 440320K, used 406797K [0x0000000080000000, 0x0000000100000000)
  region size 1024K, 178 young (182272K), 10 survivors (10240K)
 Metaspace       used 184431K, committed 187264K, reserved 1245184K
  class space    used 24609K, committed 26048K, reserved 1048576K
}
Event: 472.637 GC heap after
{Heap after GC invocations=81 (full 0):
 garbage-first heap   total 440320K, used 230886K [0x0000000080000000, 0x0000000100000000)
  region size 1024K, 13 young (13312K), 13 survivors (13312K)
 Metaspace       used 184431K, committed 187264K, reserved 1245184K
  class space    used 24609K, committed 26048K, reserved 1048576K
}
Event: 603.248 GC heap before
{Heap before GC invocations=81 (full 0):
 garbage-first heap   total 440320K, used 402918K [0x0000000080000000, 0x0000000100000000)
  region size 1024K, 182 young (186368K), 13 survivors (13312K)
 Metaspace       used 184685K, committed 187520K, reserved 1245184K
  class space    used 24617K, committed 26048K, reserved 1048576K
}
Event: 603.255 GC heap after
{Heap after GC invocations=82 (full 0):
 garbage-first heap   total 440320K, used 233005K [0x0000000080000000, 0x0000000100000000)
  region size 1024K, 14 young (14336K), 14 survivors (14336K)
 Metaspace       used 184685K, committed 187520K, reserved 1245184K
  class space    used 24617K, committed 26048K, reserved 1048576K
}

